<?xml version="1.0" encoding="UTF-8"?>
<coverage generated="1728291306426" clover="3.2.0">
  <project timestamp="1728291306426" name="All files">
    <metrics statements="1" coveredstatements="0" conditionals="0" coveredconditionals="0" methods="0" coveredmethods="0" elements="1" coveredelements="0" complexity="0" loc="1" ncloc="1" packages="1" files="1" classes="1"/>
    <file name="winnig-combinations.js" path="C:\Users\jordi\Documents\tictactoe\src\winnig-combinations.js">
      <metrics statements="1" coveredstatements="0" conditionals="0" coveredconditionals="0" methods="0" coveredmethods="0"/>
      <line num="1" count="0" type="stmt"/>
    </file>
  </project>
</coverage>
